<?xml version="1.0" encoding="UTF-8"?>
<!-- Generated by org.testng.reporters.JUnitReportReporter -->
<testsuite hostname="idea-PC" name="sri.test.smoke.LoginPage1SmokeTest" tests="1" failures="0" timestamp="3 Dec 2018 04:20:56 GMT" time="23.537" errors="0">
  <testcase name="testLoginPage" time="23.537" classname="sri.test.smoke.LoginPage1SmokeTest"/>
</testsuite> <!-- sri.test.smoke.LoginPage1SmokeTest -->
