<?xml version="1.0" encoding="UTF-8"?>
<!-- Generated by org.testng.reporters.JUnitReportReporter -->
<testsuite hostname="idea-PC" name="sri.test.smoke.LoginPageSmokeTest" tests="1" failures="0" timestamp="3 Dec 2018 04:16:52 GMT" time="20.372" errors="0">
  <testcase name="testLoginPage" time="20.372" classname="sri.test.smoke.LoginPageSmokeTest"/>
</testsuite> <!-- sri.test.smoke.LoginPageSmokeTest -->
