<?xml version="1.0" encoding="UTF-8"?>
<!-- Generated by org.testng.reporters.JUnitReportReporter -->
<testsuite hostname="idea-PC" name="sri.test.smoke.LoginPageCredentialsTest" tests="1" failures="0" timestamp="3 Dec 2018 04:16:52 GMT" time="26.095" errors="0">
  <testcase name="test2LoginPageInvalidLogin" time="26.095" classname="sri.test.smoke.LoginPageCredentialsTest"/>
</testsuite> <!-- sri.test.smoke.LoginPageCredentialsTest -->
