<?xml version="1.0" encoding="UTF-8"?>
<!-- Generated by org.testng.reporters.JUnitReportReporter -->
<testsuite hostname="idea-PC" name="sri.test.smoke.LoginPage2CredentialsTest" tests="1" failures="0" timestamp="3 Dec 2018 04:53:07 GMT" time="21.790" errors="0">
  <testcase name="test2LoginPageInvalidLogin" time="21.790" classname="sri.test.smoke.LoginPage2CredentialsTest"/>
</testsuite> <!-- sri.test.smoke.LoginPage2CredentialsTest -->
